[2026-01-25 15:28:16.960] [info] Using configuration file /home/sachin/.config/waybar/config.jsonc
[2026-01-25 15:28:16.961] [info] Discovered appearance 'dark'
[2026-01-25 15:28:16.972] [info] Using CSS file /home/sachin/.config/waybar/style.css
[2026-01-25 15:28:16.976] [info] Hyprland IPC starting
[2026-01-25 15:28:16.976] [info] Loading persistent workspaces from Hyprland workspace rules
[2026-01-25 15:28:16.993] [info] Bar configured (width: 1920, height: 34) for output: eDP-1

(waybar:42636): Gtk-CRITICAL **: 15:28:16.998: gtk_widget_set_accel_path: assertion 'GTK_IS_ACCEL_GROUP (accel_group)' failed

(waybar:42636): Gtk-CRITICAL **: 15:28:16.998: gtk_widget_add_accelerator: assertion 'GTK_IS_ACCEL_GROUP (accel_group)' failed

(waybar:42636): Gtk-CRITICAL **: 15:28:17.016: gtk_widget_set_accel_path: assertion 'GTK_IS_ACCEL_GROUP (accel_group)' failed

(waybar:42636): Gtk-CRITICAL **: 15:28:17.016: gtk_widget_add_accelerator: assertion 'GTK_IS_ACCEL_GROUP (accel_group)' failed

(waybar:42636): Gtk-CRITICAL **: 15:28:17.019: gtk_widget_set_accel_path: assertion 'GTK_IS_ACCEL_GROUP (accel_group)' failed

(waybar:42636): Gtk-CRITICAL **: 15:28:17.019: gtk_widget_add_accelerator: assertion 'GTK_IS_ACCEL_GROUP (accel_group)' failed

(waybar:42636): Gtk-CRITICAL **: 15:28:17.021: gtk_widget_set_accel_path: assertion 'GTK_IS_ACCEL_GROUP (accel_group)' failed

(waybar:42636): Gtk-CRITICAL **: 15:28:17.021: gtk_widget_add_accelerator: assertion 'GTK_IS_ACCEL_GROUP (accel_group)' failed

(waybar:42636): Gtk-CRITICAL **: 15:28:17.022: gtk_widget_set_accel_path: assertion 'GTK_IS_ACCEL_GROUP (accel_group)' failed

(waybar:42636): Gtk-CRITICAL **: 15:28:17.022: gtk_widget_add_accelerator: assertion 'GTK_IS_ACCEL_GROUP (accel_group)' failed
Updated device 'amdgpu_bl1':
Device 'amdgpu_bl1' of class 'backlight':
	Current brightness: 0 (0%)
	Max brightness: 61937

Updated device 'amdgpu_bl1':
Device 'amdgpu_bl1' of class 'backlight':
	Current brightness: 61937 (100%)
	Max brightness: 61937

Updated device 'amdgpu_bl1':
Device 'amdgpu_bl1' of class 'backlight':
	Current brightness: 61937 (100%)
	Max brightness: 61937

Updated device 'amdgpu_bl1':
Device 'amdgpu_bl1' of class 'backlight':
	Current brightness: 61937 (100%)
	Max brightness: 61937

Updated device 'amdgpu_bl1':
Device 'amdgpu_bl1' of class 'backlight':
	Current brightness: 61937 (100%)
	Max brightness: 61937

Updated device 'amdgpu_bl1':
Device 'amdgpu_bl1' of class 'backlight':
	Current brightness: 61937 (100%)
	Max brightness: 61937

Updated device 'amdgpu_bl1':
Device 'amdgpu_bl1' of class 'backlight':
	Current brightness: 61937 (100%)
	Max brightness: 61937

Updated device 'amdgpu_bl1':
Device 'amdgpu_bl1' of class 'backlight':
	Current brightness: 61937 (100%)
	Max brightness: 61937

Updated device 'amdgpu_bl1':
Device 'amdgpu_bl1' of class 'backlight':
	Current brightness: 61937 (100%)
	Max brightness: 61937

Updated device 'amdgpu_bl1':
Device 'amdgpu_bl1' of class 'backlight':
	Current brightness: 61937 (100%)
	Max brightness: 61937

Updated device 'amdgpu_bl1':
Device 'amdgpu_bl1' of class 'backlight':
	Current brightness: 61937 (100%)
	Max brightness: 61937

Updated device 'amdgpu_bl1':
Device 'amdgpu_bl1' of class 'backlight':
	Current brightness: 61937 (100%)
	Max brightness: 61937

Updated device 'amdgpu_bl1':
Device 'amdgpu_bl1' of class 'backlight':
	Current brightness: 61937 (100%)
	Max brightness: 61937

Updated device 'amdgpu_bl1':
Device 'amdgpu_bl1' of class 'backlight':
	Current brightness: 61937 (100%)
	Max brightness: 61937

Updated device 'amdgpu_bl1':
Device 'amdgpu_bl1' of class 'backlight':
	Current brightness: 61937 (100%)
	Max brightness: 61937

Updated device 'amdgpu_bl1':
Device 'amdgpu_bl1' of class 'backlight':
	Current brightness: 61937 (100%)
	Max brightness: 61937

Updated device 'amdgpu_bl1':
Device 'amdgpu_bl1' of class 'backlight':
	Current brightness: 61937 (100%)
	Max brightness: 61937

Updated device 'amdgpu_bl1':
Device 'amdgpu_bl1' of class 'backlight':
	Current brightness: 61937 (100%)
	Max brightness: 61937

Updated device 'amdgpu_bl1':
Device 'amdgpu_bl1' of class 'backlight':
	Current brightness: 61937 (100%)
	Max brightness: 61937

Updated device 'amdgpu_bl1':
Device 'amdgpu_bl1' of class 'backlight':
	Current brightness: 61937 (100%)
	Max brightness: 61937

Updated device 'amdgpu_bl1':
Device 'amdgpu_bl1' of class 'backlight':
	Current brightness: 61937 (100%)
	Max brightness: 61937

Updated device 'amdgpu_bl1':
Device 'amdgpu_bl1' of class 'backlight':
	Current brightness: 61937 (100%)
	Max brightness: 61937

Updated device 'amdgpu_bl1':
Device 'amdgpu_bl1' of class 'backlight':
	Current brightness: 61937 (100%)
	Max brightness: 61937

Updated device 'amdgpu_bl1':
Device 'amdgpu_bl1' of class 'backlight':
	Current brightness: 61937 (100%)
	Max brightness: 61937

Updated device 'amdgpu_bl1':
Device 'amdgpu_bl1' of class 'backlight':
	Current brightness: 61937 (100%)
	Max brightness: 61937

Updated device 'amdgpu_bl1':
Device 'amdgpu_bl1' of class 'backlight':
	Current brightness: 61937 (100%)
	Max brightness: 61937

Updated device 'amdgpu_bl1':
Device 'amdgpu_bl1' of class 'backlight':
	Current brightness: 61937 (100%)
	Max brightness: 61937

Updated device 'amdgpu_bl1':
Device 'amdgpu_bl1' of class 'backlight':
	Current brightness: 61937 (100%)
	Max brightness: 61937

Updated device 'amdgpu_bl1':
Device 'amdgpu_bl1' of class 'backlight':
	Current brightness: 61937 (100%)
	Max brightness: 61937

Updated device 'amdgpu_bl1':
Device 'amdgpu_bl1' of class 'backlight':
	Current brightness: 61937 (100%)
	Max brightness: 61937

Updated device 'amdgpu_bl1':
Device 'amdgpu_bl1' of class 'backlight':
	Current brightness: 61937 (100%)
	Max brightness: 61937

Updated device 'amdgpu_bl1':
Device 'amdgpu_bl1' of class 'backlight':
	Current brightness: 61937 (100%)
	Max brightness: 61937

Updated device 'amdgpu_bl1':
Device 'amdgpu_bl1' of class 'backlight':
	Current brightness: 61318 (99%)
	Max brightness: 61937

Updated device 'amdgpu_bl1':
Device 'amdgpu_bl1' of class 'backlight':
	Current brightness: 60699 (98%)
	Max brightness: 61937

Updated device 'amdgpu_bl1':
Device 'amdgpu_bl1' of class 'backlight':
	Current brightness: 60080 (97%)
	Max brightness: 61937

Updated device 'amdgpu_bl1':
Device 'amdgpu_bl1' of class 'backlight':
	Current brightness: 59461 (96%)
	Max brightness: 61937

Updated device 'amdgpu_bl1':
Device 'amdgpu_bl1' of class 'backlight':
	Current brightness: 58842 (95%)
	Max brightness: 61937

Updated device 'amdgpu_bl1':
Device 'amdgpu_bl1' of class 'backlight':
	Current brightness: 58223 (94%)
	Max brightness: 61937

Updated device 'amdgpu_bl1':
Device 'amdgpu_bl1' of class 'backlight':
	Current brightness: 57604 (93%)
	Max brightness: 61937

Updated device 'amdgpu_bl1':
Device 'amdgpu_bl1' of class 'backlight':
	Current brightness: 56985 (92%)
	Max brightness: 61937

Updated device 'amdgpu_bl1':
Device 'amdgpu_bl1' of class 'backlight':
	Current brightness: 56366 (91%)
	Max brightness: 61937

Updated device 'amdgpu_bl1':
Device 'amdgpu_bl1' of class 'backlight':
	Current brightness: 55747 (90%)
	Max brightness: 61937

Updated device 'amdgpu_bl1':
Device 'amdgpu_bl1' of class 'backlight':
	Current brightness: 55128 (89%)
	Max brightness: 61937

Updated device 'amdgpu_bl1':
Device 'amdgpu_bl1' of class 'backlight':
	Current brightness: 54509 (88%)
	Max brightness: 61937

Updated device 'amdgpu_bl1':
Device 'amdgpu_bl1' of class 'backlight':
	Current brightness: 53890 (87%)
	Max brightness: 61937

Updated device 'amdgpu_bl1':
Device 'amdgpu_bl1' of class 'backlight':
	Current brightness: 53271 (86%)
	Max brightness: 61937

Updated device 'amdgpu_bl1':
Device 'amdgpu_bl1' of class 'backlight':
	Current brightness: 52652 (85%)
	Max brightness: 61937

Updated device 'amdgpu_bl1':
Device 'amdgpu_bl1' of class 'backlight':
	Current brightness: 52033 (84%)
	Max brightness: 61937

Updated device 'amdgpu_bl1':
Device 'amdgpu_bl1' of class 'backlight':
	Current brightness: 51414 (83%)
	Max brightness: 61937

Updated device 'amdgpu_bl1':
Device 'amdgpu_bl1' of class 'backlight':
	Current brightness: 50795 (82%)
	Max brightness: 61937

Updated device 'amdgpu_bl1':
Device 'amdgpu_bl1' of class 'backlight':
	Current brightness: 50176 (81%)
	Max brightness: 61937

Updated device 'amdgpu_bl1':
Device 'amdgpu_bl1' of class 'backlight':
	Current brightness: 49557 (80%)
	Max brightness: 61937

Updated device 'amdgpu_bl1':
Device 'amdgpu_bl1' of class 'backlight':
	Current brightness: 48938 (79%)
	Max brightness: 61937

Updated device 'amdgpu_bl1':
Device 'amdgpu_bl1' of class 'backlight':
	Current brightness: 48319 (78%)
	Max brightness: 61937

Updated device 'amdgpu_bl1':
Device 'amdgpu_bl1' of class 'backlight':
	Current brightness: 47700 (77%)
	Max brightness: 61937

Updated device 'amdgpu_bl1':
Device 'amdgpu_bl1' of class 'backlight':
	Current brightness: 47081 (76%)
	Max brightness: 61937

Updated device 'amdgpu_bl1':
Device 'amdgpu_bl1' of class 'backlight':
	Current brightness: 46462 (75%)
	Max brightness: 61937

[2026-01-25 18:22:57.082] [info] Using configuration file /home/sachin/.config/waybar/config.jsonc
[2026-01-25 18:22:57.083] [info] Discovered appearance 'dark'
[2026-01-25 18:22:57.094] [info] Using CSS file /home/sachin/.config/waybar/style.css
[2026-01-25 18:22:57.098] [info] Hyprland IPC starting
[2026-01-25 18:22:57.098] [info] Loading persistent workspaces from Hyprland workspace rules
[2026-01-25 18:22:57.116] [info] Bar configured (width: 1920, height: 34) for output: eDP-1

(waybar:105143): Gtk-CRITICAL **: 18:22:57.121: gtk_widget_set_accel_path: assertion 'GTK_IS_ACCEL_GROUP (accel_group)' failed

(waybar:105143): Gtk-CRITICAL **: 18:22:57.121: gtk_widget_add_accelerator: assertion 'GTK_IS_ACCEL_GROUP (accel_group)' failed

(waybar:105143): Gtk-CRITICAL **: 18:22:57.142: gtk_widget_set_accel_path: assertion 'GTK_IS_ACCEL_GROUP (accel_group)' failed

(waybar:105143): Gtk-CRITICAL **: 18:22:57.142: gtk_widget_add_accelerator: assertion 'GTK_IS_ACCEL_GROUP (accel_group)' failed

(waybar:105143): Gtk-CRITICAL **: 18:22:57.148: gtk_widget_set_accel_path: assertion 'GTK_IS_ACCEL_GROUP (accel_group)' failed

(waybar:105143): Gtk-CRITICAL **: 18:22:57.148: gtk_widget_add_accelerator: assertion 'GTK_IS_ACCEL_GROUP (accel_group)' failed

(waybar:105143): Gtk-CRITICAL **: 18:22:57.149: gtk_widget_set_accel_path: assertion 'GTK_IS_ACCEL_GROUP (accel_group)' failed

(waybar:105143): Gtk-CRITICAL **: 18:22:57.149: gtk_widget_add_accelerator: assertion 'GTK_IS_ACCEL_GROUP (accel_group)' failed

(waybar:105143): Gtk-CRITICAL **: 18:22:57.151: gtk_widget_set_accel_path: assertion 'GTK_IS_ACCEL_GROUP (accel_group)' failed

(waybar:105143): Gtk-CRITICAL **: 18:22:57.151: gtk_widget_add_accelerator: assertion 'GTK_IS_ACCEL_GROUP (accel_group)' failed
sh: line 1: activate: command not found
Success
Success
Success
Success
Success
Success
Updated device 'amdgpu_bl1':
Device 'amdgpu_bl1' of class 'backlight':
	Current brightness: 0 (0%)
	Max brightness: 61937

Gdk-Message: 03:03:17.286: Error reading events from display: Broken pipe
